<?xml version="1.0" encoding="UTF-8"?>
<!-- Generated by org.testng.reporters.JUnitReportReporter -->
<testsuite hostname="Shamalas-MacBook-Air.local" failures="0" tests="1" name="com.hid.assingments.automation.Assignment1" time="13.559" errors="0" timestamp="2023-11-28T10:46:36 IST" skipped="0">
  <testcase classname="com.hid.assingments.automation.Assignment1" name="testReactJsSite" time="13.559"/>
  <system-out/>
</testsuite> <!-- com.hid.assingments.automation.Assignment1 -->
