<?xml version="1.0" encoding="UTF-8"?>
<!-- Generated by org.testng.reporters.JUnitReportReporter -->
<testsuite hostname="Shamalas-MacBook-Air.local" failures="0" tests="1" name="automation.TestRunner" time="14.312" errors="0" timestamp="2023-11-28T12:06:30 IST" skipped="0">
  <testcase classname="automation.TestRunner" name="runScenario" time="14.312"/>
  <system-out/>
</testsuite> <!-- automation.TestRunner -->
