<?xml version="1.0" encoding="UTF-8"?>
<!-- Generated by org.testng.reporters.JUnitReportReporter -->
<testsuite hostname="Shamalas-MacBook-Air.local" failures="0" tests="1" name="com.hid.assingments.automation.api.ApiAssignment" time="11.108" errors="0" timestamp="2023-11-28T12:52:32 IST" skipped="0">
  <testcase classname="com.hid.assingments.automation.api.ApiAssignment" name="verifyCoinMapApi" time="11.108"/>
  <system-out/>
</testsuite> <!-- com.hid.assingments.automation.api.ApiAssignment -->
