<?xml version="1.0" encoding="UTF-8"?>
<!-- Generated by org.testng.reporters.JUnitReportReporter -->
<testsuite hostname="Shamalas-MacBook-Air.local" failures="0" tests="1" name="com.hid.assingments.automation.api.ApiAssignment2" time="11.513" errors="0" timestamp="2023-11-28T12:28:18 IST" skipped="0">
  <testcase classname="com.hid.assingments.automation.api.ApiAssignment2" name="verifyCoinMapApi" time="11.513"/>
  <system-out/>
</testsuite> <!-- com.hid.assingments.automation.api.ApiAssignment2 -->
